Determining if the include file strings.h exists failed with the following output:
Change Dir: C:/Users/Duarte/Desktop/json-c-master/json-c-master/CMakeFiles/CMakeTmp

Run Build Command:"C:/Program Files (x86)/MSBuild/12.0/bin/MSBuild.exe" "cmTC_a454f.vcxproj" "/p:Configuration=Debug" "/p:VisualStudioVersion=12.0"
Microsoft (R) Build Engine version 12.0.40629.0
[Microsoft .NET Framework, version 4.0.30319.42000]
Copyright (C) Microsoft Corporation. All rights reserved.

Build started 20/09/2018 09:24:06.
Project "C:\Users\Duarte\Desktop\json-c-master\json-c-master\CMakeFiles\CMakeTmp\cmTC_a454f.vcxproj" on node 1 (default targets).
PrepareForBuild:
  Creating directory "cmTC_a454f.dir\Debug\".
  Creating directory "C:\Users\Duarte\Desktop\json-c-master\json-c-master\CMakeFiles\CMakeTmp\Debug\".
  Creating directory "cmTC_a454f.dir\Debug\cmTC_a454f.tlog\".
InitializeBuildStatus:
  Creating "cmTC_a454f.dir\Debug\cmTC_a454f.tlog\unsuccessfulbuild" because "AlwaysCreate" was specified.
ClCompile:
  C:\Program Files (x86)\Microsoft Visual Studio 12.0\VC\bin\CL.exe /c /Zi /W3 /WX- /Od /Ob0 /Oy- /D WIN32 /D _WINDOWS /D _CRT_SECURE_NO_DEPRECATE /D "CMAKE_INTDIR=\"Debug\"" /D _MBCS /Gm- /RTC1 /MDd /GS /fp:precise /Zc:wchar_t /Zc:forScope /Fo"cmTC_a454f.dir\Debug\\" /Fd"cmTC_a454f.dir\Debug\vc120.pdb" /Gd /TC /wd4996 /analyze- /errorReport:queue "C:\Users\Duarte\Desktop\json-c-master\json-c-master\CMakeFiles\CMakeTmp\CheckIncludeFile.c"
  Microsoft (R) C/C++ Optimizing Compiler Version 18.00.40629 for x86
  Copyright (C) Microsoft Corporation.  All rights reserved.
  
  cl /c /Zi /W3 /WX- /Od /Ob0 /Oy- /D WIN32 /D _WINDOWS /D _CRT_SECURE_NO_DEPRECATE /D "CMAKE_INTDIR=\"Debug\"" /D _MBCS /Gm- /RTC1 /MDd /GS /fp:precise /Zc:wchar_t /Zc:forScope /Fo"cmTC_a454f.dir\Debug\\" /Fd"cmTC_a454f.dir\Debug\vc120.pdb" /Gd /TC /wd4996 /analyze- /errorReport:queue "C:\Users\Duarte\Desktop\json-c-master\json-c-master\CMakeFiles\CMakeTmp\CheckIncludeFile.c"
  
  CheckIncludeFile.c
C:\Users\Duarte\Desktop\json-c-master\json-c-master\CMakeFiles\CMakeTmp\CheckIncludeFile.c(1): fatal error C1083: Cannot open include file: 'strings.h': No such file or directory [C:\Users\Duarte\Desktop\json-c-master\json-c-master\CMakeFiles\CMakeTmp\cmTC_a454f.vcxproj]
Done Building Project "C:\Users\Duarte\Desktop\json-c-master\json-c-master\CMakeFiles\CMakeTmp\cmTC_a454f.vcxproj" (default targets) -- FAILED.

Build FAILED.

"C:\Users\Duarte\Desktop\json-c-master\json-c-master\CMakeFiles\CMakeTmp\cmTC_a454f.vcxproj" (default target) (1) ->
(ClCompile target) -> 
  C:\Users\Duarte\Desktop\json-c-master\json-c-master\CMakeFiles\CMakeTmp\CheckIncludeFile.c(1): fatal error C1083: Cannot open include file: 'strings.h': No such file or directory [C:\Users\Duarte\Desktop\json-c-master\json-c-master\CMakeFiles\CMakeTmp\cmTC_a454f.vcxproj]

    0 Warning(s)
    1 Error(s)

Time Elapsed 00:00:00.60


Determining if the include file syslog.h exists failed with the following output:
Change Dir: C:/Users/Duarte/Desktop/json-c-master/json-c-master/CMakeFiles/CMakeTmp

Run Build Command:"C:/Program Files (x86)/MSBuild/12.0/bin/MSBuild.exe" "cmTC_d28eb.vcxproj" "/p:Configuration=Debug" "/p:VisualStudioVersion=12.0"
Microsoft (R) Build Engine version 12.0.40629.0
[Microsoft .NET Framework, version 4.0.30319.42000]
Copyright (C) Microsoft Corporation. All rights reserved.

Build started 20/09/2018 09:24:09.
Project "C:\Users\Duarte\Desktop\json-c-master\json-c-master\CMakeFiles\CMakeTmp\cmTC_d28eb.vcxproj" on node 1 (default targets).
PrepareForBuild:
  Creating directory "cmTC_d28eb.dir\Debug\".
  Creating directory "C:\Users\Duarte\Desktop\json-c-master\json-c-master\CMakeFiles\CMakeTmp\Debug\".
  Creating directory "cmTC_d28eb.dir\Debug\cmTC_d28eb.tlog\".
InitializeBuildStatus:
  Creating "cmTC_d28eb.dir\Debug\cmTC_d28eb.tlog\unsuccessfulbuild" because "AlwaysCreate" was specified.
ClCompile:
  C:\Program Files (x86)\Microsoft Visual Studio 12.0\VC\bin\CL.exe /c /Zi /W3 /WX- /Od /Ob0 /Oy- /D WIN32 /D _WINDOWS /D _CRT_SECURE_NO_DEPRECATE /D "CMAKE_INTDIR=\"Debug\"" /D _MBCS /Gm- /RTC1 /MDd /GS /fp:precise /Zc:wchar_t /Zc:forScope /Fo"cmTC_d28eb.dir\Debug\\" /Fd"cmTC_d28eb.dir\Debug\vc120.pdb" /Gd /TC /wd4996 /analyze- /errorReport:queue "C:\Users\Duarte\Desktop\json-c-master\json-c-master\CMakeFiles\CMakeTmp\CheckIncludeFile.c"
  Microsoft (R) C/C++ Optimizing Compiler Version 18.00.40629 for x86
  Copyright (C) Microsoft Corporation.  All rights reserved.
  
  cl /c /Zi /W3 /WX- /Od /Ob0 /Oy- /D WIN32 /D _WINDOWS /D _CRT_SECURE_NO_DEPRECATE /D "CMAKE_INTDIR=\"Debug\"" /D _MBCS /Gm- /RTC1 /MDd /GS /fp:precise /Zc:wchar_t /Zc:forScope /Fo"cmTC_d28eb.dir\Debug\\" /Fd"cmTC_d28eb.dir\Debug\vc120.pdb" /Gd /TC /wd4996 /analyze- /errorReport:queue "C:\Users\Duarte\Desktop\json-c-master\json-c-master\CMakeFiles\CMakeTmp\CheckIncludeFile.c"
  
  CheckIncludeFile.c
C:\Users\Duarte\Desktop\json-c-master\json-c-master\CMakeFiles\CMakeTmp\CheckIncludeFile.c(1): fatal error C1083: Cannot open include file: 'syslog.h': No such file or directory [C:\Users\Duarte\Desktop\json-c-master\json-c-master\CMakeFiles\CMakeTmp\cmTC_d28eb.vcxproj]
Done Building Project "C:\Users\Duarte\Desktop\json-c-master\json-c-master\CMakeFiles\CMakeTmp\cmTC_d28eb.vcxproj" (default targets) -- FAILED.

Build FAILED.

"C:\Users\Duarte\Desktop\json-c-master\json-c-master\CMakeFiles\CMakeTmp\cmTC_d28eb.vcxproj" (default target) (1) ->
(ClCompile target) -> 
  C:\Users\Duarte\Desktop\json-c-master\json-c-master\CMakeFiles\CMakeTmp\CheckIncludeFile.c(1): fatal error C1083: Cannot open include file: 'syslog.h': No such file or directory [C:\Users\Duarte\Desktop\json-c-master\json-c-master\CMakeFiles\CMakeTmp\cmTC_d28eb.vcxproj]

    0 Warning(s)
    1 Error(s)

Time Elapsed 00:00:00.59


Determining if the include file unistd.h exists failed with the following output:
Change Dir: C:/Users/Duarte/Desktop/json-c-master/json-c-master/CMakeFiles/CMakeTmp

Run Build Command:"C:/Program Files (x86)/MSBuild/12.0/bin/MSBuild.exe" "cmTC_c3aa5.vcxproj" "/p:Configuration=Debug" "/p:VisualStudioVersion=12.0"
Microsoft (R) Build Engine version 12.0.40629.0
[Microsoft .NET Framework, version 4.0.30319.42000]
Copyright (C) Microsoft Corporation. All rights reserved.

Build started 20/09/2018 09:24:12.
Project "C:\Users\Duarte\Desktop\json-c-master\json-c-master\CMakeFiles\CMakeTmp\cmTC_c3aa5.vcxproj" on node 1 (default targets).
PrepareForBuild:
  Creating directory "cmTC_c3aa5.dir\Debug\".
  Creating directory "C:\Users\Duarte\Desktop\json-c-master\json-c-master\CMakeFiles\CMakeTmp\Debug\".
  Creating directory "cmTC_c3aa5.dir\Debug\cmTC_c3aa5.tlog\".
InitializeBuildStatus:
  Creating "cmTC_c3aa5.dir\Debug\cmTC_c3aa5.tlog\unsuccessfulbuild" because "AlwaysCreate" was specified.
ClCompile:
  C:\Program Files (x86)\Microsoft Visual Studio 12.0\VC\bin\CL.exe /c /Zi /W3 /WX- /Od /Ob0 /Oy- /D WIN32 /D _WINDOWS /D _CRT_SECURE_NO_DEPRECATE /D "CMAKE_INTDIR=\"Debug\"" /D _MBCS /Gm- /RTC1 /MDd /GS /fp:precise /Zc:wchar_t /Zc:forScope /Fo"cmTC_c3aa5.dir\Debug\\" /Fd"cmTC_c3aa5.dir\Debug\vc120.pdb" /Gd /TC /wd4996 /analyze- /errorReport:queue "C:\Users\Duarte\Desktop\json-c-master\json-c-master\CMakeFiles\CMakeTmp\CheckIncludeFile.c"
  Microsoft (R) C/C++ Optimizing Compiler Version 18.00.40629 for x86
  Copyright (C) Microsoft Corporation.  All rights reserved.
  
  cl /c /Zi /W3 /WX- /Od /Ob0 /Oy- /D WIN32 /D _WINDOWS /D _CRT_SECURE_NO_DEPRECATE /D "CMAKE_INTDIR=\"Debug\"" /D _MBCS /Gm- /RTC1 /MDd /GS /fp:precise /Zc:wchar_t /Zc:forScope /Fo"cmTC_c3aa5.dir\Debug\\" /Fd"cmTC_c3aa5.dir\Debug\vc120.pdb" /Gd /TC /wd4996 /analyze- /errorReport:queue "C:\Users\Duarte\Desktop\json-c-master\json-c-master\CMakeFiles\CMakeTmp\CheckIncludeFile.c"
  
  CheckIncludeFile.c
C:\Users\Duarte\Desktop\json-c-master\json-c-master\CMakeFiles\CMakeTmp\CheckIncludeFile.c(1): fatal error C1083: Cannot open include file: 'unistd.h': No such file or directory [C:\Users\Duarte\Desktop\json-c-master\json-c-master\CMakeFiles\CMakeTmp\cmTC_c3aa5.vcxproj]
Done Building Project "C:\Users\Duarte\Desktop\json-c-master\json-c-master\CMakeFiles\CMakeTmp\cmTC_c3aa5.vcxproj" (default targets) -- FAILED.

Build FAILED.

"C:\Users\Duarte\Desktop\json-c-master\json-c-master\CMakeFiles\CMakeTmp\cmTC_c3aa5.vcxproj" (default target) (1) ->
(ClCompile target) -> 
  C:\Users\Duarte\Desktop\json-c-master\json-c-master\CMakeFiles\CMakeTmp\CheckIncludeFile.c(1): fatal error C1083: Cannot open include file: 'unistd.h': No such file or directory [C:\Users\Duarte\Desktop\json-c-master\json-c-master\CMakeFiles\CMakeTmp\cmTC_c3aa5.vcxproj]

    0 Warning(s)
    1 Error(s)

Time Elapsed 00:00:00.57


Determining if the include file dlfcn.h exists failed with the following output:
Change Dir: C:/Users/Duarte/Desktop/json-c-master/json-c-master/CMakeFiles/CMakeTmp

Run Build Command:"C:/Program Files (x86)/MSBuild/12.0/bin/MSBuild.exe" "cmTC_b6c37.vcxproj" "/p:Configuration=Debug" "/p:VisualStudioVersion=12.0"
Microsoft (R) Build Engine version 12.0.40629.0
[Microsoft .NET Framework, version 4.0.30319.42000]
Copyright (C) Microsoft Corporation. All rights reserved.

Build started 20/09/2018 09:24:15.
Project "C:\Users\Duarte\Desktop\json-c-master\json-c-master\CMakeFiles\CMakeTmp\cmTC_b6c37.vcxproj" on node 1 (default targets).
PrepareForBuild:
  Creating directory "cmTC_b6c37.dir\Debug\".
  Creating directory "C:\Users\Duarte\Desktop\json-c-master\json-c-master\CMakeFiles\CMakeTmp\Debug\".
  Creating directory "cmTC_b6c37.dir\Debug\cmTC_b6c37.tlog\".
InitializeBuildStatus:
  Creating "cmTC_b6c37.dir\Debug\cmTC_b6c37.tlog\unsuccessfulbuild" because "AlwaysCreate" was specified.
ClCompile:
  C:\Program Files (x86)\Microsoft Visual Studio 12.0\VC\bin\CL.exe /c /Zi /W3 /WX- /Od /Ob0 /Oy- /D WIN32 /D _WINDOWS /D _CRT_SECURE_NO_DEPRECATE /D "CMAKE_INTDIR=\"Debug\"" /D _MBCS /Gm- /RTC1 /MDd /GS /fp:precise /Zc:wchar_t /Zc:forScope /Fo"cmTC_b6c37.dir\Debug\\" /Fd"cmTC_b6c37.dir\Debug\vc120.pdb" /Gd /TC /wd4996 /analyze- /errorReport:queue "C:\Users\Duarte\Desktop\json-c-master\json-c-master\CMakeFiles\CMakeTmp\CheckIncludeFile.c"
  Microsoft (R) C/C++ Optimizing Compiler Version 18.00.40629 for x86
  Copyright (C) Microsoft Corporation.  All rights reserved.
  
  cl /c /Zi /W3 /WX- /Od /Ob0 /Oy- /D WIN32 /D _WINDOWS /D _CRT_SECURE_NO_DEPRECATE /D "CMAKE_INTDIR=\"Debug\"" /D _MBCS /Gm- /RTC1 /MDd /GS /fp:precise /Zc:wchar_t /Zc:forScope /Fo"cmTC_b6c37.dir\Debug\\" /Fd"cmTC_b6c37.dir\Debug\vc120.pdb" /Gd /TC /wd4996 /analyze- /errorReport:queue "C:\Users\Duarte\Desktop\json-c-master\json-c-master\CMakeFiles\CMakeTmp\CheckIncludeFile.c"
  
  CheckIncludeFile.c
C:\Users\Duarte\Desktop\json-c-master\json-c-master\CMakeFiles\CMakeTmp\CheckIncludeFile.c(1): fatal error C1083: Cannot open include file: 'dlfcn.h': No such file or directory [C:\Users\Duarte\Desktop\json-c-master\json-c-master\CMakeFiles\CMakeTmp\cmTC_b6c37.vcxproj]
Done Building Project "C:\Users\Duarte\Desktop\json-c-master\json-c-master\CMakeFiles\CMakeTmp\cmTC_b6c37.vcxproj" (default targets) -- FAILED.

Build FAILED.

"C:\Users\Duarte\Desktop\json-c-master\json-c-master\CMakeFiles\CMakeTmp\cmTC_b6c37.vcxproj" (default target) (1) ->
(ClCompile target) -> 
  C:\Users\Duarte\Desktop\json-c-master\json-c-master\CMakeFiles\CMakeTmp\CheckIncludeFile.c(1): fatal error C1083: Cannot open include file: 'dlfcn.h': No such file or directory [C:\Users\Duarte\Desktop\json-c-master\json-c-master\CMakeFiles\CMakeTmp\cmTC_b6c37.vcxproj]

    0 Warning(s)
    1 Error(s)

Time Elapsed 00:00:00.58


Determining if the include file endian.h exists failed with the following output:
Change Dir: C:/Users/Duarte/Desktop/json-c-master/json-c-master/CMakeFiles/CMakeTmp

Run Build Command:"C:/Program Files (x86)/MSBuild/12.0/bin/MSBuild.exe" "cmTC_07e57.vcxproj" "/p:Configuration=Debug" "/p:VisualStudioVersion=12.0"
Microsoft (R) Build Engine version 12.0.40629.0
[Microsoft .NET Framework, version 4.0.30319.42000]
Copyright (C) Microsoft Corporation. All rights reserved.

Build started 20/09/2018 09:24:16.
Project "C:\Users\Duarte\Desktop\json-c-master\json-c-master\CMakeFiles\CMakeTmp\cmTC_07e57.vcxproj" on node 1 (default targets).
PrepareForBuild:
  Creating directory "cmTC_07e57.dir\Debug\".
  Creating directory "C:\Users\Duarte\Desktop\json-c-master\json-c-master\CMakeFiles\CMakeTmp\Debug\".
  Creating directory "cmTC_07e57.dir\Debug\cmTC_07e57.tlog\".
InitializeBuildStatus:
  Creating "cmTC_07e57.dir\Debug\cmTC_07e57.tlog\unsuccessfulbuild" because "AlwaysCreate" was specified.
ClCompile:
  C:\Program Files (x86)\Microsoft Visual Studio 12.0\VC\bin\CL.exe /c /Zi /W3 /WX- /Od /Ob0 /Oy- /D WIN32 /D _WINDOWS /D _CRT_SECURE_NO_DEPRECATE /D "CMAKE_INTDIR=\"Debug\"" /D _MBCS /Gm- /RTC1 /MDd /GS /fp:precise /Zc:wchar_t /Zc:forScope /Fo"cmTC_07e57.dir\Debug\\" /Fd"cmTC_07e57.dir\Debug\vc120.pdb" /Gd /TC /wd4996 /analyze- /errorReport:queue "C:\Users\Duarte\Desktop\json-c-master\json-c-master\CMakeFiles\CMakeTmp\CheckIncludeFile.c"
  Microsoft (R) C/C++ Optimizing Compiler Version 18.00.40629 for x86
  Copyright (C) Microsoft Corporation.  All rights reserved.
  
  cl /c /Zi /W3 /WX- /Od /Ob0 /Oy- /D WIN32 /D _WINDOWS /D _CRT_SECURE_NO_DEPRECATE /D "CMAKE_INTDIR=\"Debug\"" /D _MBCS /Gm- /RTC1 /MDd /GS /fp:precise /Zc:wchar_t /Zc:forScope /Fo"cmTC_07e57.dir\Debug\\" /Fd"cmTC_07e57.dir\Debug\vc120.pdb" /Gd /TC /wd4996 /analyze- /errorReport:queue "C:\Users\Duarte\Desktop\json-c-master\json-c-master\CMakeFiles\CMakeTmp\CheckIncludeFile.c"
  
  CheckIncludeFile.c
C:\Users\Duarte\Desktop\json-c-master\json-c-master\CMakeFiles\CMakeTmp\CheckIncludeFile.c(1): fatal error C1083: Cannot open include file: 'endian.h': No such file or directory [C:\Users\Duarte\Desktop\json-c-master\json-c-master\CMakeFiles\CMakeTmp\cmTC_07e57.vcxproj]
Done Building Project "C:\Users\Duarte\Desktop\json-c-master\json-c-master\CMakeFiles\CMakeTmp\cmTC_07e57.vcxproj" (default targets) -- FAILED.

Build FAILED.

"C:\Users\Duarte\Desktop\json-c-master\json-c-master\CMakeFiles\CMakeTmp\cmTC_07e57.vcxproj" (default target) (1) ->
(ClCompile target) -> 
  C:\Users\Duarte\Desktop\json-c-master\json-c-master\CMakeFiles\CMakeTmp\CheckIncludeFile.c(1): fatal error C1083: Cannot open include file: 'endian.h': No such file or directory [C:\Users\Duarte\Desktop\json-c-master\json-c-master\CMakeFiles\CMakeTmp\cmTC_07e57.vcxproj]

    0 Warning(s)
    1 Error(s)

Time Elapsed 00:00:00.62


Determining if the include file sys/cdefs.h exists failed with the following output:
Change Dir: C:/Users/Duarte/Desktop/json-c-master/json-c-master/CMakeFiles/CMakeTmp

Run Build Command:"C:/Program Files (x86)/MSBuild/12.0/bin/MSBuild.exe" "cmTC_fece2.vcxproj" "/p:Configuration=Debug" "/p:VisualStudioVersion=12.0"
Microsoft (R) Build Engine version 12.0.40629.0
[Microsoft .NET Framework, version 4.0.30319.42000]
Copyright (C) Microsoft Corporation. All rights reserved.

Build started 20/09/2018 09:24:26.
Project "C:\Users\Duarte\Desktop\json-c-master\json-c-master\CMakeFiles\CMakeTmp\cmTC_fece2.vcxproj" on node 1 (default targets).
PrepareForBuild:
  Creating directory "cmTC_fece2.dir\Debug\".
  Creating directory "C:\Users\Duarte\Desktop\json-c-master\json-c-master\CMakeFiles\CMakeTmp\Debug\".
  Creating directory "cmTC_fece2.dir\Debug\cmTC_fece2.tlog\".
InitializeBuildStatus:
  Creating "cmTC_fece2.dir\Debug\cmTC_fece2.tlog\unsuccessfulbuild" because "AlwaysCreate" was specified.
ClCompile:
  C:\Program Files (x86)\Microsoft Visual Studio 12.0\VC\bin\CL.exe /c /Zi /W3 /WX- /Od /Ob0 /Oy- /D WIN32 /D _WINDOWS /D _CRT_SECURE_NO_DEPRECATE /D "CMAKE_INTDIR=\"Debug\"" /D _MBCS /Gm- /RTC1 /MDd /GS /fp:precise /Zc:wchar_t /Zc:forScope /Fo"cmTC_fece2.dir\Debug\\" /Fd"cmTC_fece2.dir\Debug\vc120.pdb" /Gd /TC /wd4996 /analyze- /errorReport:queue "C:\Users\Duarte\Desktop\json-c-master\json-c-master\CMakeFiles\CMakeTmp\CheckIncludeFile.c"
  Microsoft (R) C/C++ Optimizing Compiler Version 18.00.40629 for x86
  Copyright (C) Microsoft Corporation.  All rights reserved.
  
  cl /c /Zi /W3 /WX- /Od /Ob0 /Oy- /D WIN32 /D _WINDOWS /D _CRT_SECURE_NO_DEPRECATE /D "CMAKE_INTDIR=\"Debug\"" /D _MBCS /Gm- /RTC1 /MDd /GS /fp:precise /Zc:wchar_t /Zc:forScope /Fo"cmTC_fece2.dir\Debug\\" /Fd"cmTC_fece2.dir\Debug\vc120.pdb" /Gd /TC /wd4996 /analyze- /errorReport:queue "C:\Users\Duarte\Desktop\json-c-master\json-c-master\CMakeFiles\CMakeTmp\CheckIncludeFile.c"
  
  CheckIncludeFile.c
C:\Users\Duarte\Desktop\json-c-master\json-c-master\CMakeFiles\CMakeTmp\CheckIncludeFile.c(1): fatal error C1083: Cannot open include file: 'sys/cdefs.h': No such file or directory [C:\Users\Duarte\Desktop\json-c-master\json-c-master\CMakeFiles\CMakeTmp\cmTC_fece2.vcxproj]
Done Building Project "C:\Users\Duarte\Desktop\json-c-master\json-c-master\CMakeFiles\CMakeTmp\cmTC_fece2.vcxproj" (default targets) -- FAILED.

Build FAILED.

"C:\Users\Duarte\Desktop\json-c-master\json-c-master\CMakeFiles\CMakeTmp\cmTC_fece2.vcxproj" (default target) (1) ->
(ClCompile target) -> 
  C:\Users\Duarte\Desktop\json-c-master\json-c-master\CMakeFiles\CMakeTmp\CheckIncludeFile.c(1): fatal error C1083: Cannot open include file: 'sys/cdefs.h': No such file or directory [C:\Users\Duarte\Desktop\json-c-master\json-c-master\CMakeFiles\CMakeTmp\cmTC_fece2.vcxproj]

    0 Warning(s)
    1 Error(s)

Time Elapsed 00:00:00.54


Determining if the include file sys/param.h exists failed with the following output:
Change Dir: C:/Users/Duarte/Desktop/json-c-master/json-c-master/CMakeFiles/CMakeTmp

Run Build Command:"C:/Program Files (x86)/MSBuild/12.0/bin/MSBuild.exe" "cmTC_61ef0.vcxproj" "/p:Configuration=Debug" "/p:VisualStudioVersion=12.0"
Microsoft (R) Build Engine version 12.0.40629.0
[Microsoft .NET Framework, version 4.0.30319.42000]
Copyright (C) Microsoft Corporation. All rights reserved.

Build started 20/09/2018 09:24:28.
Project "C:\Users\Duarte\Desktop\json-c-master\json-c-master\CMakeFiles\CMakeTmp\cmTC_61ef0.vcxproj" on node 1 (default targets).
PrepareForBuild:
  Creating directory "cmTC_61ef0.dir\Debug\".
  Creating directory "C:\Users\Duarte\Desktop\json-c-master\json-c-master\CMakeFiles\CMakeTmp\Debug\".
  Creating directory "cmTC_61ef0.dir\Debug\cmTC_61ef0.tlog\".
InitializeBuildStatus:
  Creating "cmTC_61ef0.dir\Debug\cmTC_61ef0.tlog\unsuccessfulbuild" because "AlwaysCreate" was specified.
ClCompile:
  C:\Program Files (x86)\Microsoft Visual Studio 12.0\VC\bin\CL.exe /c /Zi /W3 /WX- /Od /Ob0 /Oy- /D WIN32 /D _WINDOWS /D _CRT_SECURE_NO_DEPRECATE /D "CMAKE_INTDIR=\"Debug\"" /D _MBCS /Gm- /RTC1 /MDd /GS /fp:precise /Zc:wchar_t /Zc:forScope /Fo"cmTC_61ef0.dir\Debug\\" /Fd"cmTC_61ef0.dir\Debug\vc120.pdb" /Gd /TC /wd4996 /analyze- /errorReport:queue "C:\Users\Duarte\Desktop\json-c-master\json-c-master\CMakeFiles\CMakeTmp\CheckIncludeFile.c"
  Microsoft (R) C/C++ Optimizing Compiler Version 18.00.40629 for x86
  Copyright (C) Microsoft Corporation.  All rights reserved.
  
  cl /c /Zi /W3 /WX- /Od /Ob0 /Oy- /D WIN32 /D _WINDOWS /D _CRT_SECURE_NO_DEPRECATE /D "CMAKE_INTDIR=\"Debug\"" /D _MBCS /Gm- /RTC1 /MDd /GS /fp:precise /Zc:wchar_t /Zc:forScope /Fo"cmTC_61ef0.dir\Debug\\" /Fd"cmTC_61ef0.dir\Debug\vc120.pdb" /Gd /TC /wd4996 /analyze- /errorReport:queue "C:\Users\Duarte\Desktop\json-c-master\json-c-master\CMakeFiles\CMakeTmp\CheckIncludeFile.c"
  
  CheckIncludeFile.c
C:\Users\Duarte\Desktop\json-c-master\json-c-master\CMakeFiles\CMakeTmp\CheckIncludeFile.c(1): fatal error C1083: Cannot open include file: 'sys/param.h': No such file or directory [C:\Users\Duarte\Desktop\json-c-master\json-c-master\CMakeFiles\CMakeTmp\cmTC_61ef0.vcxproj]
Done Building Project "C:\Users\Duarte\Desktop\json-c-master\json-c-master\CMakeFiles\CMakeTmp\cmTC_61ef0.vcxproj" (default targets) -- FAILED.

Build FAILED.

"C:\Users\Duarte\Desktop\json-c-master\json-c-master\CMakeFiles\CMakeTmp\cmTC_61ef0.vcxproj" (default target) (1) ->
(ClCompile target) -> 
  C:\Users\Duarte\Desktop\json-c-master\json-c-master\CMakeFiles\CMakeTmp\CheckIncludeFile.c(1): fatal error C1083: Cannot open include file: 'sys/param.h': No such file or directory [C:\Users\Duarte\Desktop\json-c-master\json-c-master\CMakeFiles\CMakeTmp\cmTC_61ef0.vcxproj]

    0 Warning(s)
    1 Error(s)

Time Elapsed 00:00:00.53


Determining if the include file xlocale.h exists failed with the following output:
Change Dir: C:/Users/Duarte/Desktop/json-c-master/json-c-master/CMakeFiles/CMakeTmp

Run Build Command:"C:/Program Files (x86)/MSBuild/12.0/bin/MSBuild.exe" "cmTC_36ff1.vcxproj" "/p:Configuration=Debug" "/p:VisualStudioVersion=12.0"
Microsoft (R) Build Engine version 12.0.40629.0
[Microsoft .NET Framework, version 4.0.30319.42000]
Copyright (C) Microsoft Corporation. All rights reserved.

Build started 20/09/2018 09:24:30.
Project "C:\Users\Duarte\Desktop\json-c-master\json-c-master\CMakeFiles\CMakeTmp\cmTC_36ff1.vcxproj" on node 1 (default targets).
PrepareForBuild:
  Creating directory "cmTC_36ff1.dir\Debug\".
  Creating directory "C:\Users\Duarte\Desktop\json-c-master\json-c-master\CMakeFiles\CMakeTmp\Debug\".
  Creating directory "cmTC_36ff1.dir\Debug\cmTC_36ff1.tlog\".
InitializeBuildStatus:
  Creating "cmTC_36ff1.dir\Debug\cmTC_36ff1.tlog\unsuccessfulbuild" because "AlwaysCreate" was specified.
ClCompile:
  C:\Program Files (x86)\Microsoft Visual Studio 12.0\VC\bin\CL.exe /c /Zi /W3 /WX- /Od /Ob0 /Oy- /D WIN32 /D _WINDOWS /D _CRT_SECURE_NO_DEPRECATE /D "CMAKE_INTDIR=\"Debug\"" /D _MBCS /Gm- /RTC1 /MDd /GS /fp:precise /Zc:wchar_t /Zc:forScope /Fo"cmTC_36ff1.dir\Debug\\" /Fd"cmTC_36ff1.dir\Debug\vc120.pdb" /Gd /TC /wd4996 /analyze- /errorReport:queue "C:\Users\Duarte\Desktop\json-c-master\json-c-master\CMakeFiles\CMakeTmp\CheckIncludeFile.c"
  Microsoft (R) C/C++ Optimizing Compiler Version 18.00.40629 for x86
  Copyright (C) Microsoft Corporation.  All rights reserved.
  
  cl /c /Zi /W3 /WX- /Od /Ob0 /Oy- /D WIN32 /D _WINDOWS /D _CRT_SECURE_NO_DEPRECATE /D "CMAKE_INTDIR=\"Debug\"" /D _MBCS /Gm- /RTC1 /MDd /GS /fp:precise /Zc:wchar_t /Zc:forScope /Fo"cmTC_36ff1.dir\Debug\\" /Fd"cmTC_36ff1.dir\Debug\vc120.pdb" /Gd /TC /wd4996 /analyze- /errorReport:queue "C:\Users\Duarte\Desktop\json-c-master\json-c-master\CMakeFiles\CMakeTmp\CheckIncludeFile.c"
  
  CheckIncludeFile.c
C:\Users\Duarte\Desktop\json-c-master\json-c-master\CMakeFiles\CMakeTmp\CheckIncludeFile.c(1): fatal error C1083: Cannot open include file: 'xlocale.h': No such file or directory [C:\Users\Duarte\Desktop\json-c-master\json-c-master\CMakeFiles\CMakeTmp\cmTC_36ff1.vcxproj]
Done Building Project "C:\Users\Duarte\Desktop\json-c-master\json-c-master\CMakeFiles\CMakeTmp\cmTC_36ff1.vcxproj" (default targets) -- FAILED.

Build FAILED.

"C:\Users\Duarte\Desktop\json-c-master\json-c-master\CMakeFiles\CMakeTmp\cmTC_36ff1.vcxproj" (default target) (1) ->
(ClCompile target) -> 
  C:\Users\Duarte\Desktop\json-c-master\json-c-master\CMakeFiles\CMakeTmp\CheckIncludeFile.c(1): fatal error C1083: Cannot open include file: 'xlocale.h': No such file or directory [C:\Users\Duarte\Desktop\json-c-master\json-c-master\CMakeFiles\CMakeTmp\cmTC_36ff1.vcxproj]

    0 Warning(s)
    1 Error(s)

Time Elapsed 00:00:00.55


Determining if the _doprnt exist failed with the following output:
Change Dir: C:/Users/Duarte/Desktop/json-c-master/json-c-master/CMakeFiles/CMakeTmp

Run Build Command:"C:/Program Files (x86)/MSBuild/12.0/bin/MSBuild.exe" "cmTC_7ec55.vcxproj" "/p:Configuration=Debug" "/p:VisualStudioVersion=12.0"
Microsoft (R) Build Engine version 12.0.40629.0
[Microsoft .NET Framework, version 4.0.30319.42000]
Copyright (C) Microsoft Corporation. All rights reserved.

Build started 20/09/2018 09:24:41.
Project "C:\Users\Duarte\Desktop\json-c-master\json-c-master\CMakeFiles\CMakeTmp\cmTC_7ec55.vcxproj" on node 1 (default targets).
PrepareForBuild:
  Creating directory "cmTC_7ec55.dir\Debug\".
  Creating directory "C:\Users\Duarte\Desktop\json-c-master\json-c-master\CMakeFiles\CMakeTmp\Debug\".
  Creating directory "cmTC_7ec55.dir\Debug\cmTC_7ec55.tlog\".
InitializeBuildStatus:
  Creating "cmTC_7ec55.dir\Debug\cmTC_7ec55.tlog\unsuccessfulbuild" because "AlwaysCreate" was specified.
ClCompile:
  C:\Program Files (x86)\Microsoft Visual Studio 12.0\VC\bin\CL.exe /c /Zi /W3 /WX- /Od /Ob0 /Oy- /D WIN32 /D _WINDOWS /D _CRT_SECURE_NO_DEPRECATE /D "CMAKE_INTDIR=\"Debug\"" /D _MBCS /Gm- /RTC1 /MDd /GS /fp:precise /Zc:wchar_t /Zc:forScope /Fo"cmTC_7ec55.dir\Debug\\" /Fd"cmTC_7ec55.dir\Debug\vc120.pdb" /Gd /TC /wd4996 /analyze- /errorReport:queue "C:\Users\Duarte\Desktop\json-c-master\json-c-master\CMakeFiles\CMakeTmp\CheckSymbolExists.c"
  Microsoft (R) C/C++ Optimizing Compiler Version 18.00.40629 for x86
  Copyright (C) Microsoft Corporation.  All rights reserved.
  
  cl /c /Zi /W3 /WX- /Od /Ob0 /Oy- /D WIN32 /D _WINDOWS /D _CRT_SECURE_NO_DEPRECATE /D "CMAKE_INTDIR=\"Debug\"" /D _MBCS /Gm- /RTC1 /MDd /GS /fp:precise /Zc:wchar_t /Zc:forScope /Fo"cmTC_7ec55.dir\Debug\\" /Fd"cmTC_7ec55.dir\Debug\vc120.pdb" /Gd /TC /wd4996 /analyze- /errorReport:queue "C:\Users\Duarte\Desktop\json-c-master\json-c-master\CMakeFiles\CMakeTmp\CheckSymbolExists.c"
  
  CheckSymbolExists.c
C:\Users\Duarte\Desktop\json-c-master\json-c-master\CMakeFiles\CMakeTmp\CheckSymbolExists.c(8): error C2065: '_doprnt' : undeclared identifier [C:\Users\Duarte\Desktop\json-c-master\json-c-master\CMakeFiles\CMakeTmp\cmTC_7ec55.vcxproj]
Done Building Project "C:\Users\Duarte\Desktop\json-c-master\json-c-master\CMakeFiles\CMakeTmp\cmTC_7ec55.vcxproj" (default targets) -- FAILED.

Build FAILED.

"C:\Users\Duarte\Desktop\json-c-master\json-c-master\CMakeFiles\CMakeTmp\cmTC_7ec55.vcxproj" (default target) (1) ->
(ClCompile target) -> 
  C:\Users\Duarte\Desktop\json-c-master\json-c-master\CMakeFiles\CMakeTmp\CheckSymbolExists.c(8): error C2065: '_doprnt' : undeclared identifier [C:\Users\Duarte\Desktop\json-c-master\json-c-master\CMakeFiles\CMakeTmp\cmTC_7ec55.vcxproj]

    0 Warning(s)
    1 Error(s)

Time Elapsed 00:00:01.01

File C:/Users/Duarte/Desktop/json-c-master/json-c-master/CMakeFiles/CMakeTmp/CheckSymbolExists.c:
/* */
#include <stdio.h>

int main(int argc, char** argv)
{
  (void)argv;
#ifndef _doprnt
  return ((int*)(&_doprnt))[argc];
#else
  (void)argc;
  return 0;
#endif
}

Determining if the vasprintf exist failed with the following output:
Change Dir: C:/Users/Duarte/Desktop/json-c-master/json-c-master/CMakeFiles/CMakeTmp

Run Build Command:"C:/Program Files (x86)/MSBuild/12.0/bin/MSBuild.exe" "cmTC_cf8f5.vcxproj" "/p:Configuration=Debug" "/p:VisualStudioVersion=12.0"
Microsoft (R) Build Engine version 12.0.40629.0
[Microsoft .NET Framework, version 4.0.30319.42000]
Copyright (C) Microsoft Corporation. All rights reserved.

Build started 20/09/2018 09:24:42.
Project "C:\Users\Duarte\Desktop\json-c-master\json-c-master\CMakeFiles\CMakeTmp\cmTC_cf8f5.vcxproj" on node 1 (default targets).
PrepareForBuild:
  Creating directory "cmTC_cf8f5.dir\Debug\".
  Creating directory "C:\Users\Duarte\Desktop\json-c-master\json-c-master\CMakeFiles\CMakeTmp\Debug\".
  Creating directory "cmTC_cf8f5.dir\Debug\cmTC_cf8f5.tlog\".
InitializeBuildStatus:
  Creating "cmTC_cf8f5.dir\Debug\cmTC_cf8f5.tlog\unsuccessfulbuild" because "AlwaysCreate" was specified.
ClCompile:
  C:\Program Files (x86)\Microsoft Visual Studio 12.0\VC\bin\CL.exe /c /Zi /W3 /WX- /Od /Ob0 /Oy- /D WIN32 /D _WINDOWS /D _CRT_SECURE_NO_DEPRECATE /D "CMAKE_INTDIR=\"Debug\"" /D _MBCS /Gm- /RTC1 /MDd /GS /fp:precise /Zc:wchar_t /Zc:forScope /Fo"cmTC_cf8f5.dir\Debug\\" /Fd"cmTC_cf8f5.dir\Debug\vc120.pdb" /Gd /TC /wd4996 /analyze- /errorReport:queue "C:\Users\Duarte\Desktop\json-c-master\json-c-master\CMakeFiles\CMakeTmp\CheckSymbolExists.c"
  Microsoft (R) C/C++ Optimizing Compiler Version 18.00.40629 for x86
  Copyright (C) Microsoft Corporation.  All rights reserved.
  
  cl /c /Zi /W3 /WX- /Od /Ob0 /Oy- /D WIN32 /D _WINDOWS /D _CRT_SECURE_NO_DEPRECATE /D "CMAKE_INTDIR=\"Debug\"" /D _MBCS /Gm- /RTC1 /MDd /GS /fp:precise /Zc:wchar_t /Zc:forScope /Fo"cmTC_cf8f5.dir\Debug\\" /Fd"cmTC_cf8f5.dir\Debug\vc120.pdb" /Gd /TC /wd4996 /analyze- /errorReport:queue "C:\Users\Duarte\Desktop\json-c-master\json-c-master\CMakeFiles\CMakeTmp\CheckSymbolExists.c"
  
  CheckSymbolExists.c
C:\Users\Duarte\Desktop\json-c-master\json-c-master\CMakeFiles\CMakeTmp\CheckSymbolExists.c(8): error C2065: 'vasprintf' : undeclared identifier [C:\Users\Duarte\Desktop\json-c-master\json-c-master\CMakeFiles\CMakeTmp\cmTC_cf8f5.vcxproj]
Done Building Project "C:\Users\Duarte\Desktop\json-c-master\json-c-master\CMakeFiles\CMakeTmp\cmTC_cf8f5.vcxproj" (default targets) -- FAILED.

Build FAILED.

"C:\Users\Duarte\Desktop\json-c-master\json-c-master\CMakeFiles\CMakeTmp\cmTC_cf8f5.vcxproj" (default target) (1) ->
(ClCompile target) -> 
  C:\Users\Duarte\Desktop\json-c-master\json-c-master\CMakeFiles\CMakeTmp\CheckSymbolExists.c(8): error C2065: 'vasprintf' : undeclared identifier [C:\Users\Duarte\Desktop\json-c-master\json-c-master\CMakeFiles\CMakeTmp\cmTC_cf8f5.vcxproj]

    0 Warning(s)
    1 Error(s)

Time Elapsed 00:00:00.53

File C:/Users/Duarte/Desktop/json-c-master/json-c-master/CMakeFiles/CMakeTmp/CheckSymbolExists.c:
/* */
#include <stdio.h>

int main(int argc, char** argv)
{
  (void)argv;
#ifndef vasprintf
  return ((int*)(&vasprintf))[argc];
#else
  (void)argc;
  return 0;
#endif
}

Determining if the open exist failed with the following output:
Change Dir: C:/Users/Duarte/Desktop/json-c-master/json-c-master/CMakeFiles/CMakeTmp

Run Build Command:"C:/Program Files (x86)/MSBuild/12.0/bin/MSBuild.exe" "cmTC_4744d.vcxproj" "/p:Configuration=Debug" "/p:VisualStudioVersion=12.0"
Microsoft (R) Build Engine version 12.0.40629.0
[Microsoft .NET Framework, version 4.0.30319.42000]
Copyright (C) Microsoft Corporation. All rights reserved.

Build started 20/09/2018 09:24:47.
Project "C:\Users\Duarte\Desktop\json-c-master\json-c-master\CMakeFiles\CMakeTmp\cmTC_4744d.vcxproj" on node 1 (default targets).
PrepareForBuild:
  Creating directory "cmTC_4744d.dir\Debug\".
  Creating directory "C:\Users\Duarte\Desktop\json-c-master\json-c-master\CMakeFiles\CMakeTmp\Debug\".
  Creating directory "cmTC_4744d.dir\Debug\cmTC_4744d.tlog\".
InitializeBuildStatus:
  Creating "cmTC_4744d.dir\Debug\cmTC_4744d.tlog\unsuccessfulbuild" because "AlwaysCreate" was specified.
ClCompile:
  C:\Program Files (x86)\Microsoft Visual Studio 12.0\VC\bin\CL.exe /c /Zi /W3 /WX- /Od /Ob0 /Oy- /D WIN32 /D _WINDOWS /D _CRT_SECURE_NO_DEPRECATE /D "CMAKE_INTDIR=\"Debug\"" /D _MBCS /Gm- /RTC1 /MDd /GS /fp:precise /Zc:wchar_t /Zc:forScope /Fo"cmTC_4744d.dir\Debug\\" /Fd"cmTC_4744d.dir\Debug\vc120.pdb" /Gd /TC /wd4996 /analyze- /errorReport:queue "C:\Users\Duarte\Desktop\json-c-master\json-c-master\CMakeFiles\CMakeTmp\CheckSymbolExists.c"
  Microsoft (R) C/C++ Optimizing Compiler Version 18.00.40629 for x86
  Copyright (C) Microsoft Corporation.  All rights reserved.
  
  cl /c /Zi /W3 /WX- /Od /Ob0 /Oy- /D WIN32 /D _WINDOWS /D _CRT_SECURE_NO_DEPRECATE /D "CMAKE_INTDIR=\"Debug\"" /D _MBCS /Gm- /RTC1 /MDd /GS /fp:precise /Zc:wchar_t /Zc:forScope /Fo"cmTC_4744d.dir\Debug\\" /Fd"cmTC_4744d.dir\Debug\vc120.pdb" /Gd /TC /wd4996 /analyze- /errorReport:queue "C:\Users\Duarte\Desktop\json-c-master\json-c-master\CMakeFiles\CMakeTmp\CheckSymbolExists.c"
  
  CheckSymbolExists.c
C:\Users\Duarte\Desktop\json-c-master\json-c-master\CMakeFiles\CMakeTmp\CheckSymbolExists.c(8): error C2065: 'open' : undeclared identifier [C:\Users\Duarte\Desktop\json-c-master\json-c-master\CMakeFiles\CMakeTmp\cmTC_4744d.vcxproj]
Done Building Project "C:\Users\Duarte\Desktop\json-c-master\json-c-master\CMakeFiles\CMakeTmp\cmTC_4744d.vcxproj" (default targets) -- FAILED.

Build FAILED.

"C:\Users\Duarte\Desktop\json-c-master\json-c-master\CMakeFiles\CMakeTmp\cmTC_4744d.vcxproj" (default target) (1) ->
(ClCompile target) -> 
  C:\Users\Duarte\Desktop\json-c-master\json-c-master\CMakeFiles\CMakeTmp\CheckSymbolExists.c(8): error C2065: 'open' : undeclared identifier [C:\Users\Duarte\Desktop\json-c-master\json-c-master\CMakeFiles\CMakeTmp\cmTC_4744d.vcxproj]

    0 Warning(s)
    1 Error(s)

Time Elapsed 00:00:00.54

File C:/Users/Duarte/Desktop/json-c-master/json-c-master/CMakeFiles/CMakeTmp/CheckSymbolExists.c:
/* */
#include <fcntl.h>

int main(int argc, char** argv)
{
  (void)argv;
#ifndef open
  return ((int*)(&open))[argc];
#else
  (void)argc;
  return 0;
#endif
}

Determining if the uselocale exist failed with the following output:
Change Dir: C:/Users/Duarte/Desktop/json-c-master/json-c-master/CMakeFiles/CMakeTmp

Run Build Command:"C:/Program Files (x86)/MSBuild/12.0/bin/MSBuild.exe" "cmTC_8567c.vcxproj" "/p:Configuration=Debug" "/p:VisualStudioVersion=12.0"
Microsoft (R) Build Engine version 12.0.40629.0
[Microsoft .NET Framework, version 4.0.30319.42000]
Copyright (C) Microsoft Corporation. All rights reserved.

Build started 20/09/2018 09:24:51.
Project "C:\Users\Duarte\Desktop\json-c-master\json-c-master\CMakeFiles\CMakeTmp\cmTC_8567c.vcxproj" on node 1 (default targets).
PrepareForBuild:
  Creating directory "cmTC_8567c.dir\Debug\".
  Creating directory "C:\Users\Duarte\Desktop\json-c-master\json-c-master\CMakeFiles\CMakeTmp\Debug\".
  Creating directory "cmTC_8567c.dir\Debug\cmTC_8567c.tlog\".
InitializeBuildStatus:
  Creating "cmTC_8567c.dir\Debug\cmTC_8567c.tlog\unsuccessfulbuild" because "AlwaysCreate" was specified.
ClCompile:
  C:\Program Files (x86)\Microsoft Visual Studio 12.0\VC\bin\CL.exe /c /Zi /W3 /WX- /Od /Ob0 /Oy- /D WIN32 /D _WINDOWS /D _CRT_SECURE_NO_DEPRECATE /D "CMAKE_INTDIR=\"Debug\"" /D _MBCS /Gm- /RTC1 /MDd /GS /fp:precise /Zc:wchar_t /Zc:forScope /Fo"cmTC_8567c.dir\Debug\\" /Fd"cmTC_8567c.dir\Debug\vc120.pdb" /Gd /TC /wd4996 /analyze- /errorReport:queue "C:\Users\Duarte\Desktop\json-c-master\json-c-master\CMakeFiles\CMakeTmp\CheckSymbolExists.c"
  Microsoft (R) C/C++ Optimizing Compiler Version 18.00.40629 for x86
  Copyright (C) Microsoft Corporation.  All rights reserved.
  
  cl /c /Zi /W3 /WX- /Od /Ob0 /Oy- /D WIN32 /D _WINDOWS /D _CRT_SECURE_NO_DEPRECATE /D "CMAKE_INTDIR=\"Debug\"" /D _MBCS /Gm- /RTC1 /MDd /GS /fp:precise /Zc:wchar_t /Zc:forScope /Fo"cmTC_8567c.dir\Debug\\" /Fd"cmTC_8567c.dir\Debug\vc120.pdb" /Gd /TC /wd4996 /analyze- /errorReport:queue "C:\Users\Duarte\Desktop\json-c-master\json-c-master\CMakeFiles\CMakeTmp\CheckSymbolExists.c"
  
  CheckSymbolExists.c
C:\Users\Duarte\Desktop\json-c-master\json-c-master\CMakeFiles\CMakeTmp\CheckSymbolExists.c(8): error C2065: 'uselocale' : undeclared identifier [C:\Users\Duarte\Desktop\json-c-master\json-c-master\CMakeFiles\CMakeTmp\cmTC_8567c.vcxproj]
Done Building Project "C:\Users\Duarte\Desktop\json-c-master\json-c-master\CMakeFiles\CMakeTmp\cmTC_8567c.vcxproj" (default targets) -- FAILED.

Build FAILED.

"C:\Users\Duarte\Desktop\json-c-master\json-c-master\CMakeFiles\CMakeTmp\cmTC_8567c.vcxproj" (default target) (1) ->
(ClCompile target) -> 
  C:\Users\Duarte\Desktop\json-c-master\json-c-master\CMakeFiles\CMakeTmp\CheckSymbolExists.c(8): error C2065: 'uselocale' : undeclared identifier [C:\Users\Duarte\Desktop\json-c-master\json-c-master\CMakeFiles\CMakeTmp\cmTC_8567c.vcxproj]

    0 Warning(s)
    1 Error(s)

Time Elapsed 00:00:01.08

File C:/Users/Duarte/Desktop/json-c-master/json-c-master/CMakeFiles/CMakeTmp/CheckSymbolExists.c:
/* */
#include <locale.h>

int main(int argc, char** argv)
{
  (void)argv;
#ifndef uselocale
  return ((int*)(&uselocale))[argc];
#else
  (void)argc;
  return 0;
#endif
}

Performing C SOURCE FILE Test HAVE_ATOMIC_BUILTINS failed with the following output:
Change Dir: C:/Users/Duarte/Desktop/json-c-master/json-c-master/CMakeFiles/CMakeTmp

Run Build Command:"C:/Program Files (x86)/MSBuild/12.0/bin/MSBuild.exe" "cmTC_55b34.vcxproj" "/p:Configuration=Debug" "/p:VisualStudioVersion=12.0"
Microsoft (R) Build Engine version 12.0.40629.0
[Microsoft .NET Framework, version 4.0.30319.42000]
Copyright (C) Microsoft Corporation. All rights reserved.

Build started 20/09/2018 09:25:08.
Project "C:\Users\Duarte\Desktop\json-c-master\json-c-master\CMakeFiles\CMakeTmp\cmTC_55b34.vcxproj" on node 1 (default targets).
PrepareForBuild:
  Creating directory "cmTC_55b34.dir\Debug\".
  Creating directory "C:\Users\Duarte\Desktop\json-c-master\json-c-master\CMakeFiles\CMakeTmp\Debug\".
  Creating directory "cmTC_55b34.dir\Debug\cmTC_55b34.tlog\".
InitializeBuildStatus:
  Creating "cmTC_55b34.dir\Debug\cmTC_55b34.tlog\unsuccessfulbuild" because "AlwaysCreate" was specified.
ClCompile:
  C:\Program Files (x86)\Microsoft Visual Studio 12.0\VC\bin\CL.exe /c /Zi /W3 /WX- /Od /Ob0 /Oy- /D WIN32 /D _WINDOWS /D HAVE_ATOMIC_BUILTINS /D _CRT_SECURE_NO_DEPRECATE /D "CMAKE_INTDIR=\"Debug\"" /D _MBCS /Gm- /RTC1 /MDd /GS /fp:precise /Zc:wchar_t /Zc:forScope /Fo"cmTC_55b34.dir\Debug\\" /Fd"cmTC_55b34.dir\Debug\vc120.pdb" /Gd /TC /wd4996 /analyze- /errorReport:queue "C:\Users\Duarte\Desktop\json-c-master\json-c-master\CMakeFiles\CMakeTmp\src.c"
  Microsoft (R) C/C++ Optimizing Compiler Version 18.00.40629 for x86
  Copyright (C) Microsoft Corporation.  All rights reserved.
  
  cl /c /Zi /W3 /WX- /Od /Ob0 /Oy- /D WIN32 /D _WINDOWS /D HAVE_ATOMIC_BUILTINS /D _CRT_SECURE_NO_DEPRECATE /D "CMAKE_INTDIR=\"Debug\"" /D _MBCS /Gm- /RTC1 /MDd /GS /fp:precise /Zc:wchar_t /Zc:forScope /Fo"cmTC_55b34.dir\Debug\\" /Fd"cmTC_55b34.dir\Debug\vc120.pdb" /Gd /TC /wd4996 /analyze- /errorReport:queue "C:\Users\Duarte\Desktop\json-c-master\json-c-master\CMakeFiles\CMakeTmp\src.c"
  
  src.c
C:\Users\Duarte\Desktop\json-c-master\json-c-master\CMakeFiles\CMakeTmp\src.c(1): warning C4013: '__sync_add_and_fetch' undefined; assuming extern returning int [C:\Users\Duarte\Desktop\json-c-master\json-c-master\CMakeFiles\CMakeTmp\cmTC_55b34.vcxproj]
Link:
  C:\Program Files (x86)\Microsoft Visual Studio 12.0\VC\bin\link.exe /ERRORREPORT:QUEUE /OUT:"C:\Users\Duarte\Desktop\json-c-master\json-c-master\CMakeFiles\CMakeTmp\Debug\cmTC_55b34.exe" /INCREMENTAL /NOLOGO kernel32.lib user32.lib gdi32.lib winspool.lib shell32.lib ole32.lib oleaut32.lib uuid.lib comdlg32.lib advapi32.lib /MANIFEST /MANIFESTUAC:"level='asInvoker' uiAccess='false'" /manifest:embed /DEBUG /PDB:"C:/Users/Duarte/Desktop/json-c-master/json-c-master/CMakeFiles/CMakeTmp/Debug/cmTC_55b34.pdb" /SUBSYSTEM:CONSOLE /TLBID:1 /DYNAMICBASE /NXCOMPAT /IMPLIB:"C:/Users/Duarte/Desktop/json-c-master/json-c-master/CMakeFiles/CMakeTmp/Debug/cmTC_55b34.lib" /MACHINE:X86 /SAFESEH  /machine:X86 cmTC_55b34.dir\Debug\src.obj
src.obj : error LNK2019: unresolved external symbol ___sync_add_and_fetch referenced in function _main [C:\Users\Duarte\Desktop\json-c-master\json-c-master\CMakeFiles\CMakeTmp\cmTC_55b34.vcxproj]
C:\Users\Duarte\Desktop\json-c-master\json-c-master\CMakeFiles\CMakeTmp\Debug\cmTC_55b34.exe : fatal error LNK1120: 1 unresolved externals [C:\Users\Duarte\Desktop\json-c-master\json-c-master\CMakeFiles\CMakeTmp\cmTC_55b34.vcxproj]
Done Building Project "C:\Users\Duarte\Desktop\json-c-master\json-c-master\CMakeFiles\CMakeTmp\cmTC_55b34.vcxproj" (default targets) -- FAILED.

Build FAILED.

"C:\Users\Duarte\Desktop\json-c-master\json-c-master\CMakeFiles\CMakeTmp\cmTC_55b34.vcxproj" (default target) (1) ->
(ClCompile target) -> 
  C:\Users\Duarte\Desktop\json-c-master\json-c-master\CMakeFiles\CMakeTmp\src.c(1): warning C4013: '__sync_add_and_fetch' undefined; assuming extern returning int [C:\Users\Duarte\Desktop\json-c-master\json-c-master\CMakeFiles\CMakeTmp\cmTC_55b34.vcxproj]


"C:\Users\Duarte\Desktop\json-c-master\json-c-master\CMakeFiles\CMakeTmp\cmTC_55b34.vcxproj" (default target) (1) ->
(Link target) -> 
  src.obj : error LNK2019: unresolved external symbol ___sync_add_and_fetch referenced in function _main [C:\Users\Duarte\Desktop\json-c-master\json-c-master\CMakeFiles\CMakeTmp\cmTC_55b34.vcxproj]
  C:\Users\Duarte\Desktop\json-c-master\json-c-master\CMakeFiles\CMakeTmp\Debug\cmTC_55b34.exe : fatal error LNK1120: 1 unresolved externals [C:\Users\Duarte\Desktop\json-c-master\json-c-master\CMakeFiles\CMakeTmp\cmTC_55b34.vcxproj]

    1 Warning(s)
    2 Error(s)

Time Elapsed 00:00:00.82

Source file was:
int main() { int i, x = 0; i = __sync_add_and_fetch(&x,1); return x; }
Performing C SOURCE FILE Test HAVE___THREAD failed with the following output:
Change Dir: C:/Users/Duarte/Desktop/json-c-master/json-c-master/CMakeFiles/CMakeTmp

Run Build Command:"C:/Program Files (x86)/MSBuild/12.0/bin/MSBuild.exe" "cmTC_10a1c.vcxproj" "/p:Configuration=Debug" "/p:VisualStudioVersion=12.0"
Microsoft (R) Build Engine version 12.0.40629.0
[Microsoft .NET Framework, version 4.0.30319.42000]
Copyright (C) Microsoft Corporation. All rights reserved.

Build started 20/09/2018 09:25:10.
Project "C:\Users\Duarte\Desktop\json-c-master\json-c-master\CMakeFiles\CMakeTmp\cmTC_10a1c.vcxproj" on node 1 (default targets).
PrepareForBuild:
  Creating directory "cmTC_10a1c.dir\Debug\".
  Creating directory "C:\Users\Duarte\Desktop\json-c-master\json-c-master\CMakeFiles\CMakeTmp\Debug\".
  Creating directory "cmTC_10a1c.dir\Debug\cmTC_10a1c.tlog\".
InitializeBuildStatus:
  Creating "cmTC_10a1c.dir\Debug\cmTC_10a1c.tlog\unsuccessfulbuild" because "AlwaysCreate" was specified.
ClCompile:
  C:\Program Files (x86)\Microsoft Visual Studio 12.0\VC\bin\CL.exe /c /Zi /W3 /WX- /Od /Ob0 /Oy- /D WIN32 /D _WINDOWS /D HAVE___THREAD /D _CRT_SECURE_NO_DEPRECATE /D "CMAKE_INTDIR=\"Debug\"" /D _MBCS /Gm- /RTC1 /MDd /GS /fp:precise /Zc:wchar_t /Zc:forScope /Fo"cmTC_10a1c.dir\Debug\\" /Fd"cmTC_10a1c.dir\Debug\vc120.pdb" /Gd /TC /wd4996 /analyze- /errorReport:queue "C:\Users\Duarte\Desktop\json-c-master\json-c-master\CMakeFiles\CMakeTmp\src.c"
  Microsoft (R) C/C++ Optimizing Compiler Version 18.00.40629 for x86
  Copyright (C) Microsoft Corporation.  All rights reserved.
  
  cl /c /Zi /W3 /WX- /Od /Ob0 /Oy- /D WIN32 /D _WINDOWS /D HAVE___THREAD /D _CRT_SECURE_NO_DEPRECATE /D "CMAKE_INTDIR=\"Debug\"" /D _MBCS /Gm- /RTC1 /MDd /GS /fp:precise /Zc:wchar_t /Zc:forScope /Fo"cmTC_10a1c.dir\Debug\\" /Fd"cmTC_10a1c.dir\Debug\vc120.pdb" /Gd /TC /wd4996 /analyze- /errorReport:queue "C:\Users\Duarte\Desktop\json-c-master\json-c-master\CMakeFiles\CMakeTmp\src.c"
  
  src.c
C:\Users\Duarte\Desktop\json-c-master\json-c-master\CMakeFiles\CMakeTmp\src.c(1): error C2054: expected '(' to follow '__thread' [C:\Users\Duarte\Desktop\json-c-master\json-c-master\CMakeFiles\CMakeTmp\cmTC_10a1c.vcxproj]
C:\Users\Duarte\Desktop\json-c-master\json-c-master\CMakeFiles\CMakeTmp\src.c(1): error C2085: 'x' : not in formal parameter list [C:\Users\Duarte\Desktop\json-c-master\json-c-master\CMakeFiles\CMakeTmp\cmTC_10a1c.vcxproj]
C:\Users\Duarte\Desktop\json-c-master\json-c-master\CMakeFiles\CMakeTmp\src.c(1): error C2143: syntax error : missing ';' before '=' [C:\Users\Duarte\Desktop\json-c-master\json-c-master\CMakeFiles\CMakeTmp\cmTC_10a1c.vcxproj]
Done Building Project "C:\Users\Duarte\Desktop\json-c-master\json-c-master\CMakeFiles\CMakeTmp\cmTC_10a1c.vcxproj" (default targets) -- FAILED.

Build FAILED.

"C:\Users\Duarte\Desktop\json-c-master\json-c-master\CMakeFiles\CMakeTmp\cmTC_10a1c.vcxproj" (default target) (1) ->
(ClCompile target) -> 
  C:\Users\Duarte\Desktop\json-c-master\json-c-master\CMakeFiles\CMakeTmp\src.c(1): error C2054: expected '(' to follow '__thread' [C:\Users\Duarte\Desktop\json-c-master\json-c-master\CMakeFiles\CMakeTmp\cmTC_10a1c.vcxproj]
  C:\Users\Duarte\Desktop\json-c-master\json-c-master\CMakeFiles\CMakeTmp\src.c(1): error C2085: 'x' : not in formal parameter list [C:\Users\Duarte\Desktop\json-c-master\json-c-master\CMakeFiles\CMakeTmp\cmTC_10a1c.vcxproj]
  C:\Users\Duarte\Desktop\json-c-master\json-c-master\CMakeFiles\CMakeTmp\src.c(1): error C2143: syntax error : missing ';' before '=' [C:\Users\Duarte\Desktop\json-c-master\json-c-master\CMakeFiles\CMakeTmp\cmTC_10a1c.vcxproj]

    0 Warning(s)
    3 Error(s)

Time Elapsed 00:00:00.58

Source file was:
__thread int x = 0; int main() { return 0; }
